<?xml version="1.0" encoding="UTF-8"?>
<testsuite xmlns:xsi="http://www.w3.org/2001/XMLSchema-instance" xsi:noNamespaceSchemaLocation="https://maven.apache.org/surefire/maven-surefire-plugin/xsd/surefire-test-report-3.0.xsd" version="3.0" name="main.test.SuiteTest" time="1.052" tests="4" errors="0" skipped="0" failures="0">
  <properties>
[...]
</properties>
  <testcase name="authenticateSuccessTest" classname="main.test.LoginServiceTest" time="0.002"/>
  <testcase name="authenticateFailTest" classname="main.test.LoginServiceTest" time="0"/>
  <testcase name="userServiceTest" classname="main.test.UserServiceTest" time="0"/>
  <testcase name="testLoginPage" classname="main.test.TestLogin" time="1.012">
    <system-err><![CDATA[SLF4J: Failed to load class "org.slf4j.impl.StaticLoggerBinder".
SLF4J: Defaulting to no-operation (NOP) logger implementation
SLF4J: See http://www.slf4j.org/codes.html#StaticLoggerBinder for further details.
]]></system-err>
  </testcase>
</testsuite>